Found 21 deployments.
- AKfycbzn3JmOC84rjDmTONY72kRSWogdr_DCCSrWyRUF32WR @HEAD 
- AKfycbwe4xj38J9_EmxZ8xebqB6akVF2_p0zv-ttCvYlJqO3cNS1ayv836TmkOoV2SEUVZfXDw @847 
- AKfycbx4zZi0MPCE-RJ0XQ3IcPYKo1SHr98NK7JTlRTAuxp3AYOSSaQXBRRC15nHnxx6Vb3Aww @842 
- AKfycbzsgiXGZ3ptAGqR-qMDR26tRNI235IYUVBox-quohfqvNlnkxGSqNb9yY8DiD41JB8qWA @838 
- AKfycbxXpcXqSoQRQ1nlHWDs0BH2RiiWxwwgSoNfGQouN9NS1v74ew7Zi5k1kvgvAw4UPhXPNA @832 - Update with highlighting and server-side linking
- AKfycbyaJMRmMVN_HqyvC7uHeOnRwhFPsPy-RJvQ4YdS2j399mWvz1vBw-qgEEHLPdXavgj5nA @827 
- AKfycbzVrfshAHu-7W56JJTzSWr3pnhcWhuN-DgkxzcqKNumDe4Hg1ZLug5TqhNPrMECU0VguQ @840 - Search by target v1
- AKfycbxS8gaKzIxbKdG4K8OLsrULIO1Zm6EaBQvnugkiLQtqnc1KfJKDRjEOSP0Mr9PcQRho6A @835 - Highlighting_Fix
- AKfycbwmFQkayGqsVUbR0foQOMWK4OyovZPQfcAemF5NHbUIfa2MqH87BXOPO5oSXLAd9Ult-w @843 
- AKfycbxVoL3_oL8o2Bn8CsFc6cvYxleYeDNA9so1wa1umSM3_zpj-5DvLI0vADdqc_R3Wcne-A @352 - ver.2.3.9
- AKfycbwMVcIZjN4shqiMxnJVCKkqKit9y9OcLlMmpbeOD6L-xrKbIXqWamAcGyl8e2b_JdrAWA @95 - 202412310915
- AKfycbxVoV8VuQqEjGsvNuEyBVhlo7kpW-8esHuXLET2yDYBO2qu04dKXDiaqsLEfdMa4n33HQ @80 - 202412302326
- AKfycbzht0M3LwQMV1wHw9XelZb_l4G-tP03kTIEVsH4h2Eg4zpmMbiCZ2T2_gcHZnK6uRfRyQ @557 - 202508281236
- AKfycbzddE-MTyKzgWynEFGb_NqoaitYcTgYP_la8lfHC9Selt2bl4EwohynOCtIaGmke8XXcQ @555 - ver.3.0.0
- AKfycbzBR2Yk8OXX9peO2y8qY-FC299GUld1JPJRMeulCUzU5VNzQm0P-3ag3cidifq2Tw8Opg @113 - 202501010958
- AKfycbyMyFERKCA6v6kW4szUJxZuklJtwGEZCvTQY8z361RapYuXqfezwClq7kHiIUAXTf-6fg @272 - 202501082256
- AKfycbyZrRHGHhLvTtTca9kU_93mBgMZCD9wQS3kc3DMHlCQ8U0H7ahWMjwhCoUvXv_ocwGnHg @498 - 202508231800
- AKfycbzivG30kSWT2YaztBlYNFyoaAW__S35ZMbLBHZmyy0GPYFRbDSsEfWmEx-JI4sPuPhR1w @137 - 202501021103
- AKfycbxkuqeAT13m8fkw-nZiHDIsGjXY-ZOFVMDzDp1qJuyC4ZfRp864k-xF7hbLvs07IGHH1Q @422 - ver.2.3.14
- AKfycbw_OK3YdGpby0JHgavfdduiHKR8u8XYiU8QB43qwBBsGmFc8sRTdVEzyJNuWuS3XQgWmw @178 - 202501050302
- AKfycbxXrpTOFxkBnR__yuekObS9UroJ-7UxX2FVl56MUCEIKmPufOhH6_L-C57mAs-elpfTiQ @850 
